2025-01-09 16:34:02,896 - INFO - Distance to Mohammed: 0.5277588367462158
2025-01-09 16:34:02,897 - INFO - Distance to Ahmed: 0.723332554101944
2025-01-09 16:34:02,897 - INFO - Distance to kamal: 0.30861568450927734
2025-01-09 16:34:02,897 - INFO - Distance to moamad4e: 0.28523343801498413
2025-01-09 16:34:02,897 - INFO - Distance to yousef: 0.37695199251174927
2025-01-09 16:34:02,898 - INFO - Distance to ahmed_morning: 0.5101549327373505
2025-01-09 16:34:04,252 - INFO - Distance to Mohammed: 0.5154639482498169
2025-01-09 16:34:04,253 - INFO - Distance to Ahmed: 0.7033532857894897
2025-01-09 16:34:04,253 - INFO - Distance to kamal: 0.32479792833328247
2025-01-09 16:34:04,253 - INFO - Distance to moamad4e: 0.34414196014404297
2025-01-09 16:34:04,253 - INFO - Distance to yousef: 0.4327506422996521
2025-01-09 16:34:04,253 - INFO - Distance to ahmed_morning: 0.577589213848114
2025-01-09 16:34:04,848 - INFO - Distance to Mohammed: 0.4825255870819092
2025-01-09 16:34:04,848 - INFO - Distance to Ahmed: 0.6819271445274353
2025-01-09 16:34:04,848 - INFO - Distance to kamal: 0.3331022262573242
2025-01-09 16:34:04,848 - INFO - Distance to moamad4e: 0.2778712511062622
2025-01-09 16:34:04,849 - INFO - Distance to yousef: 0.464999794960022
2025-01-09 16:34:04,849 - INFO - Distance to ahmed_morning: 0.4603480100631714
2025-01-09 16:42:22,495 - INFO - Distance to Mohammed: 0.5349330306053162
2025-01-09 16:42:22,496 - INFO - Distance to Ahmed: 0.7249593734741211
2025-01-09 16:42:22,496 - INFO - Distance to kamal: 0.33055031299591064
2025-01-09 16:42:22,496 - INFO - Distance to moamad4e: 0.32332801818847656
2025-01-09 16:42:22,497 - INFO - Distance to yousef: 0.40730762481689453
2025-01-09 16:42:22,497 - INFO - Distance to ahmed_morning: 0.5664582252502441
2025-01-09 16:48:33,572 - INFO - Distance to Mohammed: 0.5216330289840698
2025-01-09 16:48:33,573 - INFO - Distance to Ahmed: 0.722917914390564
2025-01-09 16:48:33,573 - INFO - Distance to kamal: 0.32589852809906006
2025-01-09 16:48:33,573 - INFO - Distance to moamad4e: 0.3297407627105713
2025-01-09 16:48:33,573 - INFO - Distance to yousef: 0.3999749422073364
2025-01-09 16:48:33,573 - INFO - Distance to ahmed_morning: 0.565089076757431
2025-01-09 16:53:06,752 - INFO - Distance to Mohammed: 0.5170188248157501
2025-01-09 16:53:06,753 - INFO - Distance to Ahmed: 0.7114339470863342
2025-01-09 16:53:06,753 - INFO - Distance to kamal: 0.3217794895172119
2025-01-09 16:53:06,753 - INFO - Distance to moamad4e: 0.3189653158187866
2025-01-09 16:53:06,753 - INFO - Distance to yousef: 0.3926340341567993
2025-01-09 16:53:06,753 - INFO - Distance to ahmed_morning: 0.5529624819755554
2025-01-09 16:53:43,834 - INFO - Distance to Mohammed: 0.5169615745544434
2025-01-09 16:53:43,835 - INFO - Distance to Ahmed: 0.6982240676879883
2025-01-09 16:53:43,835 - INFO - Distance to kamal: 0.3257899284362793
2025-01-09 16:53:43,835 - INFO - Distance to moamad4e: 0.31858813762664795
2025-01-09 16:53:43,835 - INFO - Distance to yousef: 0.40729230642318726
2025-01-09 16:53:43,835 - INFO - Distance to ahmed_morning: 0.5437026619911194
2025-01-09 16:53:44,929 - INFO - Distance to Mohammed: 0.5396794974803925
2025-01-09 16:53:44,929 - INFO - Distance to Ahmed: 0.7252273857593536
2025-01-09 16:53:44,930 - INFO - Distance to kamal: 0.3337792158126831
2025-01-09 16:53:44,931 - INFO - Distance to moamad4e: 0.3466827869415283
2025-01-09 16:53:44,931 - INFO - Distance to yousef: 0.41885143518447876
2025-01-09 16:53:44,931 - INFO - Distance to ahmed_morning: 0.5617505013942719
2025-01-09 16:53:45,602 - INFO - Distance to Mohammed: 0.5276996195316315
2025-01-09 16:53:45,602 - INFO - Distance to Ahmed: 0.7187316715717316
2025-01-09 16:53:45,602 - INFO - Distance to kamal: 0.32294899225234985
2025-01-09 16:53:45,603 - INFO - Distance to moamad4e: 0.3232666850090027
2025-01-09 16:53:45,603 - INFO - Distance to yousef: 0.40370285511016846
2025-01-09 16:53:45,603 - INFO - Distance to ahmed_morning: 0.5553615689277649
2025-01-09 16:57:17,703 - INFO - Distance to Mohammed: 0.5251554846763611
2025-01-09 16:57:17,703 - INFO - Distance to Ahmed: 0.7156026065349579
2025-01-09 16:57:17,703 - INFO - Distance to kamal: 0.3253886103630066
2025-01-09 16:57:17,703 - INFO - Distance to moamad4e: 0.3264123201370239
2025-01-09 16:57:17,704 - INFO - Distance to yousef: 0.4099200367927551
2025-01-09 16:57:17,704 - INFO - Distance to ahmed_morning: 0.5628186762332916
2025-01-09 16:57:21,145 - INFO - Distance to Mohammed: 0.5269030332565308
2025-01-09 16:57:21,145 - INFO - Distance to Ahmed: 0.7159881293773651
2025-01-09 16:57:21,145 - INFO - Distance to kamal: 0.3261691927909851
2025-01-09 16:57:21,145 - INFO - Distance to moamad4e: 0.32291191816329956
2025-01-09 16:57:21,145 - INFO - Distance to yousef: 0.41051197052001953
2025-01-09 16:57:21,145 - INFO - Distance to ahmed_morning: 0.5613568425178528
2025-01-09 16:57:24,026 - INFO - Distance to Mohammed: 0.5273111760616302
2025-01-09 16:57:24,026 - INFO - Distance to Ahmed: 0.7167197167873383
2025-01-09 16:57:24,026 - INFO - Distance to kamal: 0.3276331424713135
2025-01-09 16:57:24,026 - INFO - Distance to moamad4e: 0.3229227066040039
2025-01-09 16:57:24,027 - INFO - Distance to yousef: 0.4122585654258728
2025-01-09 16:57:24,027 - INFO - Distance to ahmed_morning: 0.5607866048812866
2025-01-09 16:57:27,795 - INFO - Distance to Mohammed: 0.5271142423152924
2025-01-09 16:57:27,796 - INFO - Distance to Ahmed: 0.715520441532135
2025-01-09 16:57:27,796 - INFO - Distance to kamal: 0.32532668113708496
2025-01-09 16:57:27,797 - INFO - Distance to moamad4e: 0.32343757152557373
2025-01-09 16:57:27,797 - INFO - Distance to yousef: 0.41079390048980713
2025-01-09 16:57:27,797 - INFO - Distance to ahmed_morning: 0.5613487064838409
2025-01-09 16:57:39,978 - INFO - Registered empty with ID 20250109_165739
2025-01-09 16:57:42,435 - INFO - Distance to Mohammed: 0.5333988666534424
2025-01-09 16:57:42,436 - INFO - Distance to Ahmed: 0.7181012630462646
2025-01-09 16:57:42,436 - INFO - Distance to kamal: 0.33120518922805786
2025-01-09 16:57:42,436 - INFO - Distance to moamad4e: 0.330552875995636
2025-01-09 16:57:42,436 - INFO - Distance to yousef: 0.4147258400917053
2025-01-09 16:57:42,436 - INFO - Distance to ahmed_morning: 0.5641360580921173
2025-01-09 16:57:42,437 - INFO - Distance to empty: 0.00025665760040283203
2025-01-09 16:57:45,088 - INFO - Distance to Mohammed: 0.5297587215900421
2025-01-09 16:57:45,088 - INFO - Distance to Ahmed: 0.7158421874046326
2025-01-09 16:57:45,089 - INFO - Distance to kamal: 0.32709944248199463
2025-01-09 16:57:45,089 - INFO - Distance to moamad4e: 0.3273974657058716
2025-01-09 16:57:45,089 - INFO - Distance to yousef: 0.40902698040008545
2025-01-09 16:57:45,090 - INFO - Distance to ahmed_morning: 0.5636949241161346
2025-01-09 16:57:45,090 - INFO - Distance to empty: 0.00030553340911865234
2025-01-09 16:57:48,168 - INFO - Distance to Mohammed: 0.5317965745925903
2025-01-09 16:57:48,168 - INFO - Distance to Ahmed: 0.7154758870601654
2025-01-09 16:57:48,169 - INFO - Distance to kamal: 0.32849395275115967
2025-01-09 16:57:48,169 - INFO - Distance to moamad4e: 0.3298848867416382
2025-01-09 16:57:48,169 - INFO - Distance to yousef: 0.41477030515670776
2025-01-09 16:57:48,169 - INFO - Distance to ahmed_morning: 0.5627228021621704
2025-01-09 16:57:48,169 - INFO - Distance to empty: 0.0004425048828125
2025-01-09 16:59:42,159 - INFO - Distance to Mohammed: 0.526103138923645
2025-01-09 16:59:42,160 - INFO - Distance to Ahmed: 0.7149662375450134
2025-01-09 16:59:42,160 - INFO - Distance to kamal: 0.33272796869277954
2025-01-09 16:59:42,160 - INFO - Distance to moamad4e: 0.3390849232673645
2025-01-09 16:59:42,160 - INFO - Distance to yousef: 0.41972649097442627
2025-01-09 16:59:42,161 - INFO - Distance to ahmed_morning: 0.5658548772335052
2025-01-09 16:59:42,161 - INFO - Distance to empty: 0.0012102127075195312
2025-01-09 16:59:43,418 - INFO - Distance to Mohammed: 0.5317642390727997
2025-01-09 16:59:43,419 - INFO - Distance to Ahmed: 0.7109763026237488
2025-01-09 16:59:43,419 - INFO - Distance to kamal: 0.3317382335662842
2025-01-09 16:59:43,419 - INFO - Distance to moamad4e: 0.3369458317756653
2025-01-09 16:59:43,419 - INFO - Distance to yousef: 0.4196072816848755
2025-01-09 16:59:43,419 - INFO - Distance to ahmed_morning: 0.5656413435935974
2025-01-09 16:59:43,419 - INFO - Distance to empty: 0.0011146068572998047
2025-01-09 16:59:44,982 - INFO - Distance to Mohammed: 0.5373187959194183
2025-01-09 16:59:44,982 - INFO - Distance to Ahmed: 0.7113352715969086
2025-01-09 16:59:44,983 - INFO - Distance to kamal: 0.33509963750839233
2025-01-09 16:59:44,983 - INFO - Distance to moamad4e: 0.34435051679611206
2025-01-09 16:59:44,983 - INFO - Distance to yousef: 0.42274779081344604
2025-01-09 16:59:44,983 - INFO - Distance to ahmed_morning: 0.5688563287258148
2025-01-09 16:59:44,984 - INFO - Distance to empty: 0.0013410449028015137
2025-01-09 16:59:46,137 - INFO - Distance to Mohammed: 0.5303464233875275
2025-01-09 16:59:46,137 - INFO - Distance to Ahmed: 0.7078987956047058
2025-01-09 16:59:46,137 - INFO - Distance to kamal: 0.33219611644744873
2025-01-09 16:59:46,137 - INFO - Distance to moamad4e: 0.3364393711090088
2025-01-09 16:59:46,137 - INFO - Distance to yousef: 0.4154859185218811
2025-01-09 16:59:46,138 - INFO - Distance to ahmed_morning: 0.5652938485145569
2025-01-09 16:59:46,138 - INFO - Distance to empty: 0.0008229613304138184
2025-01-09 16:59:48,477 - INFO - Distance to Mohammed: 0.5313715040683746
2025-01-09 16:59:48,478 - INFO - Distance to Ahmed: 0.7097308933734894
2025-01-09 16:59:48,478 - INFO - Distance to kamal: 0.33199888467788696
2025-01-09 16:59:48,479 - INFO - Distance to moamad4e: 0.34041404724121094
2025-01-09 16:59:48,479 - INFO - Distance to yousef: 0.4181644916534424
2025-01-09 16:59:48,480 - INFO - Distance to ahmed_morning: 0.5623478889465332
2025-01-09 16:59:48,480 - INFO - Distance to empty: 0.0009393692016601562
2025-01-09 16:59:50,450 - INFO - Distance to Mohammed: 0.5308959186077118
2025-01-09 16:59:50,450 - INFO - Distance to Ahmed: 0.7115179896354675
2025-01-09 16:59:50,450 - INFO - Distance to kamal: 0.3352946639060974
2025-01-09 16:59:50,451 - INFO - Distance to moamad4e: 0.33993858098983765
2025-01-09 16:59:50,451 - INFO - Distance to yousef: 0.42269623279571533
2025-01-09 16:59:50,451 - INFO - Distance to ahmed_morning: 0.5651732981204987
2025-01-09 16:59:50,451 - INFO - Distance to empty: 0.0010677576065063477
2025-01-09 17:00:16,978 - INFO - Distance to Mohammed: 0.5321938693523407
2025-01-09 17:00:16,979 - INFO - Distance to Ahmed: 0.7139095962047577
2025-01-09 17:00:16,979 - INFO - Distance to kamal: 0.3362845778465271
2025-01-09 17:00:16,979 - INFO - Distance to moamad4e: 0.35076117515563965
2025-01-09 17:00:16,979 - INFO - Distance to yousef: 0.42301177978515625
2025-01-09 17:00:16,980 - INFO - Distance to ahmed_morning: 0.5701470971107483
2025-01-09 17:00:16,980 - INFO - Distance to empty: 0.0034108757972717285
2025-01-09 17:00:17,907 - INFO - Distance to Mohammed: 0.5233213305473328
2025-01-09 17:00:17,907 - INFO - Distance to Ahmed: 0.7030324041843414
2025-01-09 17:00:17,908 - INFO - Distance to kamal: 0.326724112033844
2025-01-09 17:00:17,908 - INFO - Distance to moamad4e: 0.33347809314727783
2025-01-09 17:00:17,908 - INFO - Distance to yousef: 0.4140954613685608
2025-01-09 17:00:17,908 - INFO - Distance to ahmed_morning: 0.5603357553482056
2025-01-09 17:00:17,908 - INFO - Distance to empty: 0.0026879310607910156
2025-01-09 17:00:19,042 - INFO - Distance to Mohammed: 0.5257717967033386
2025-01-09 17:00:19,042 - INFO - Distance to Ahmed: 0.7088969945907593
2025-01-09 17:00:19,042 - INFO - Distance to kamal: 0.32164156436920166
2025-01-09 17:00:19,042 - INFO - Distance to moamad4e: 0.32964563369750977
2025-01-09 17:00:19,042 - INFO - Distance to yousef: 0.4055148959159851
2025-01-09 17:00:19,042 - INFO - Distance to ahmed_morning: 0.570486307144165
2025-01-09 17:00:19,042 - INFO - Distance to empty: 0.0030535459518432617
2025-01-09 17:00:19,562 - INFO - Distance to Mohammed: 0.5360289812088013
2025-01-09 17:00:19,562 - INFO - Distance to Ahmed: 0.7180277109146118
2025-01-09 17:00:19,563 - INFO - Distance to kamal: 0.34697258472442627
2025-01-09 17:00:19,563 - INFO - Distance to moamad4e: 0.3643606901168823
2025-01-09 17:00:19,566 - INFO - Distance to yousef: 0.4286803603172302
2025-01-09 17:00:19,566 - INFO - Distance to ahmed_morning: 0.5771081447601318
2025-01-09 17:00:19,567 - INFO - Distance to empty: 0.0048714280128479
2025-01-09 17:00:19,871 - INFO - Distance to Mohammed: 0.5386649966239929
2025-01-09 17:00:19,871 - INFO - Distance to Ahmed: 0.7132997512817383
2025-01-09 17:00:19,871 - INFO - Distance to kamal: 0.3402077555656433
2025-01-09 17:00:19,871 - INFO - Distance to moamad4e: 0.3464227318763733
2025-01-09 17:00:19,872 - INFO - Distance to yousef: 0.4243311285972595
2025-01-09 17:00:19,872 - INFO - Distance to ahmed_morning: 0.5601056814193726
2025-01-09 17:00:19,872 - INFO - Distance to empty: 0.004287242889404297
2025-01-09 17:00:20,232 - INFO - Distance to Mohammed: 0.531161904335022
2025-01-09 17:00:20,233 - INFO - Distance to Ahmed: 0.7180787622928619
2025-01-09 17:00:20,233 - INFO - Distance to kamal: 0.33022767305374146
2025-01-09 17:00:20,233 - INFO - Distance to moamad4e: 0.3421388268470764
2025-01-09 17:00:20,233 - INFO - Distance to yousef: 0.4092220067977905
2025-01-09 17:00:20,234 - INFO - Distance to ahmed_morning: 0.5676664412021637
2025-01-09 17:00:20,234 - INFO - Distance to empty: 0.002514660358428955
2025-01-09 17:00:20,530 - INFO - Distance to Mohammed: 0.5279324054718018
2025-01-09 17:00:20,530 - INFO - Distance to Ahmed: 0.7109820246696472
2025-01-09 17:00:20,530 - INFO - Distance to kamal: 0.3434585928916931
2025-01-09 17:00:20,530 - INFO - Distance to moamad4e: 0.34349751472473145
2025-01-09 17:00:20,530 - INFO - Distance to yousef: 0.4350539445877075
2025-01-09 17:00:20,531 - INFO - Distance to ahmed_morning: 0.5677268207073212
2025-01-09 17:00:20,531 - INFO - Distance to empty: 0.004401683807373047
2025-01-09 17:00:20,742 - INFO - Distance to Mohammed: 0.546558290719986
2025-01-09 17:00:20,742 - INFO - Distance to Ahmed: 0.7208642959594727
2025-01-09 17:00:20,742 - INFO - Distance to kamal: 0.34760046005249023
2025-01-09 17:00:20,742 - INFO - Distance to moamad4e: 0.36233896017074585
2025-01-09 17:00:20,743 - INFO - Distance to yousef: 0.42891931533813477
2025-01-09 17:00:20,743 - INFO - Distance to ahmed_morning: 0.569404810667038
2025-01-09 17:00:20,743 - INFO - Distance to empty: 0.004121065139770508
2025-01-09 17:00:20,969 - INFO - Distance to Mohammed: 0.5322121381759644
2025-01-09 17:00:20,969 - INFO - Distance to Ahmed: 0.7166394591331482
2025-01-09 17:00:20,970 - INFO - Distance to kamal: 0.3407191038131714
2025-01-09 17:00:20,970 - INFO - Distance to moamad4e: 0.34925150871276855
2025-01-09 17:00:20,970 - INFO - Distance to yousef: 0.43108540773391724
2025-01-09 17:00:20,970 - INFO - Distance to ahmed_morning: 0.5647410750389099
2025-01-09 17:00:20,970 - INFO - Distance to empty: 0.0035051703453063965
2025-01-09 17:00:21,224 - INFO - Distance to Mohammed: 0.5266050100326538
2025-01-09 17:00:21,224 - INFO - Distance to Ahmed: 0.7027733623981476
2025-01-09 17:00:21,224 - INFO - Distance to kamal: 0.33438706398010254
2025-01-09 17:00:21,225 - INFO - Distance to moamad4e: 0.3431274890899658
2025-01-09 17:00:21,225 - INFO - Distance to yousef: 0.4226192831993103
2025-01-09 17:00:21,225 - INFO - Distance to ahmed_morning: 0.5618984699249268
2025-01-09 17:00:21,225 - INFO - Distance to empty: 0.0033052563667297363
2025-01-09 17:00:21,451 - INFO - Distance to Mohammed: 0.5303541719913483
2025-01-09 17:00:21,451 - INFO - Distance to Ahmed: 0.7156197428703308
2025-01-09 17:00:21,452 - INFO - Distance to kamal: 0.33515435457229614
2025-01-09 17:00:21,452 - INFO - Distance to moamad4e: 0.3501095771789551
2025-01-09 17:00:21,452 - INFO - Distance to yousef: 0.4222943186759949
2025-01-09 17:00:21,452 - INFO - Distance to ahmed_morning: 0.5628293454647064
2025-01-09 17:00:21,453 - INFO - Distance to empty: 0.004065215587615967
2025-01-09 17:00:21,719 - INFO - Distance to Mohammed: 0.5326140820980072
2025-01-09 17:00:21,720 - INFO - Distance to Ahmed: 0.7172436118125916
2025-01-09 17:00:21,720 - INFO - Distance to kamal: 0.3252015709877014
2025-01-09 17:00:21,720 - INFO - Distance to moamad4e: 0.328746497631073
2025-01-09 17:00:21,720 - INFO - Distance to yousef: 0.405348002910614
2025-01-09 17:00:21,720 - INFO - Distance to ahmed_morning: 0.5657294988632202
2025-01-09 17:00:21,720 - INFO - Distance to empty: 0.0027247071266174316
2025-01-09 17:00:22,005 - INFO - Distance to Mohammed: 0.5296322405338287
2025-01-09 17:00:22,006 - INFO - Distance to Ahmed: 0.7249071598052979
2025-01-09 17:00:22,006 - INFO - Distance to kamal: 0.3262367844581604
2025-01-09 17:00:22,006 - INFO - Distance to moamad4e: 0.3374549150466919
2025-01-09 17:00:22,006 - INFO - Distance to yousef: 0.4157567620277405
2025-01-09 17:00:22,007 - INFO - Distance to ahmed_morning: 0.558730274438858
2025-01-09 17:00:22,007 - INFO - Distance to empty: 0.0032230615615844727
2025-01-09 17:00:22,299 - INFO - Distance to Mohammed: 0.529089093208313
2025-01-09 17:00:22,299 - INFO - Distance to Ahmed: 0.7192884087562561
2025-01-09 17:00:22,299 - INFO - Distance to kamal: 0.3344653844833374
2025-01-09 17:00:22,299 - INFO - Distance to moamad4e: 0.34268850088119507
2025-01-09 17:00:22,299 - INFO - Distance to yousef: 0.4247618317604065
2025-01-09 17:00:22,300 - INFO - Distance to ahmed_morning: 0.5744253993034363
2025-01-09 17:00:22,300 - INFO - Distance to empty: 0.0031939148902893066
2025-01-09 17:00:22,620 - INFO - Distance to Mohammed: 0.532627671957016
2025-01-09 17:00:22,620 - INFO - Distance to Ahmed: 0.7116784155368805
2025-01-09 17:00:22,620 - INFO - Distance to kamal: 0.3219565153121948
2025-01-09 17:00:22,621 - INFO - Distance to moamad4e: 0.33619779348373413
2025-01-09 17:00:22,621 - INFO - Distance to yousef: 0.4076564908027649
2025-01-09 17:00:22,621 - INFO - Distance to ahmed_morning: 0.5652881264686584
2025-01-09 17:00:22,621 - INFO - Distance to empty: 0.002315819263458252
2025-01-09 17:00:22,930 - INFO - Distance to Mohammed: 0.5277389287948608
2025-01-09 17:00:22,931 - INFO - Distance to Ahmed: 0.7143252491950989
2025-01-09 17:00:22,931 - INFO - Distance to kamal: 0.320234477519989
2025-01-09 17:00:22,931 - INFO - Distance to moamad4e: 0.3236500024795532
2025-01-09 17:00:22,931 - INFO - Distance to yousef: 0.4055420160293579
2025-01-09 17:00:22,931 - INFO - Distance to ahmed_morning: 0.5503236353397369
2025-01-09 17:00:22,932 - INFO - Distance to empty: 0.0034838318824768066
2025-01-09 17:00:23,223 - INFO - Distance to Mohammed: 0.5286278426647186
2025-01-09 17:00:23,223 - INFO - Distance to Ahmed: 0.7215372920036316
2025-01-09 17:00:23,224 - INFO - Distance to kamal: 0.33129870891571045
2025-01-09 17:00:23,224 - INFO - Distance to moamad4e: 0.3507814407348633
2025-01-09 17:00:23,224 - INFO - Distance to yousef: 0.41852861642837524
2025-01-09 17:00:23,224 - INFO - Distance to ahmed_morning: 0.5657854676246643
2025-01-09 17:00:23,224 - INFO - Distance to empty: 0.0038457512855529785
2025-01-09 17:00:23,465 - INFO - Distance to Mohammed: 0.5316663384437561
2025-01-09 17:00:23,465 - INFO - Distance to Ahmed: 0.7070801258087158
2025-01-09 17:00:23,465 - INFO - Distance to kamal: 0.33985602855682373
2025-01-09 17:00:23,466 - INFO - Distance to moamad4e: 0.3481965661048889
2025-01-09 17:00:23,466 - INFO - Distance to yousef: 0.4261707067489624
2025-01-09 17:00:23,466 - INFO - Distance to ahmed_morning: 0.565637469291687
2025-01-09 17:00:23,466 - INFO - Distance to empty: 0.0032896995544433594
2025-01-09 17:00:23,774 - INFO - Distance to Mohammed: 0.5305729806423187
2025-01-09 17:00:23,774 - INFO - Distance to Ahmed: 0.7252322137355804
2025-01-09 17:00:23,774 - INFO - Distance to kamal: 0.3222091794013977
2025-01-09 17:00:23,775 - INFO - Distance to moamad4e: 0.33139681816101074
2025-01-09 17:00:23,775 - INFO - Distance to yousef: 0.3940768241882324
2025-01-09 17:00:23,775 - INFO - Distance to ahmed_morning: 0.5653695166110992
2025-01-09 17:00:23,775 - INFO - Distance to empty: 0.005898535251617432
2025-01-09 17:00:24,077 - INFO - Distance to Mohammed: 0.5188925266265869
2025-01-09 17:00:24,077 - INFO - Distance to Ahmed: 0.7072571814060211
2025-01-09 17:00:24,077 - INFO - Distance to kamal: 0.3251529932022095
2025-01-09 17:00:24,077 - INFO - Distance to moamad4e: 0.3153752088546753
2025-01-09 17:00:24,077 - INFO - Distance to yousef: 0.4047173261642456
2025-01-09 17:00:24,078 - INFO - Distance to ahmed_morning: 0.5511455237865448
2025-01-09 17:00:24,078 - INFO - Distance to empty: 0.00422435998916626
2025-01-09 17:00:24,384 - INFO - Distance to Mohammed: 0.5295721292495728
2025-01-09 17:00:24,385 - INFO - Distance to Ahmed: 0.721647322177887
2025-01-09 17:00:24,385 - INFO - Distance to kamal: 0.3230692744255066
2025-01-09 17:00:24,385 - INFO - Distance to moamad4e: 0.3289189338684082
2025-01-09 17:00:24,385 - INFO - Distance to yousef: 0.4048658609390259
2025-01-09 17:00:24,385 - INFO - Distance to ahmed_morning: 0.558719128370285
2025-01-09 17:00:24,385 - INFO - Distance to empty: 0.0031111836433410645
2025-01-09 17:00:24,743 - INFO - Distance to Mohammed: 0.5265392065048218
2025-01-09 17:00:24,743 - INFO - Distance to Ahmed: 0.7226669192314148
2025-01-09 17:00:24,744 - INFO - Distance to kamal: 0.3266555666923523
2025-01-09 17:00:24,744 - INFO - Distance to moamad4e: 0.32229113578796387
2025-01-09 17:00:24,744 - INFO - Distance to yousef: 0.4052841067314148
2025-01-09 17:00:24,744 - INFO - Distance to ahmed_morning: 0.569482684135437
2025-01-09 17:00:24,744 - INFO - Distance to empty: 0.0042310357093811035
2025-01-09 17:00:25,006 - INFO - Distance to Mohammed: 0.5298752188682556
2025-01-09 17:00:25,006 - INFO - Distance to Ahmed: 0.7217093706130981
2025-01-09 17:00:25,006 - INFO - Distance to kamal: 0.3235032558441162
2025-01-09 17:00:25,006 - INFO - Distance to moamad4e: 0.32177627086639404
2025-01-09 17:00:25,007 - INFO - Distance to yousef: 0.40012305974960327
2025-01-09 17:00:25,007 - INFO - Distance to ahmed_morning: 0.5595858991146088
2025-01-09 17:00:25,007 - INFO - Distance to empty: 0.003527700901031494
2025-01-09 17:00:25,276 - INFO - Distance to Mohammed: 0.523542582988739
2025-01-09 17:00:25,276 - INFO - Distance to Ahmed: 0.7177527248859406
2025-01-09 17:00:25,276 - INFO - Distance to kamal: 0.3182946443557739
2025-01-09 17:00:25,276 - INFO - Distance to moamad4e: 0.30811643600463867
2025-01-09 17:00:25,277 - INFO - Distance to yousef: 0.4003428816795349
2025-01-09 17:00:25,277 - INFO - Distance to ahmed_morning: 0.5535748600959778
2025-01-09 17:00:25,277 - INFO - Distance to empty: 0.0039899349212646484
2025-01-09 17:00:25,493 - INFO - Distance to Mohammed: 0.5407077670097351
2025-01-09 17:00:25,493 - INFO - Distance to Ahmed: 0.7107024192810059
2025-01-09 17:00:25,493 - INFO - Distance to kamal: 0.33048015832901
2025-01-09 17:00:25,493 - INFO - Distance to moamad4e: 0.33657777309417725
2025-01-09 17:00:25,494 - INFO - Distance to yousef: 0.4141024947166443
2025-01-09 17:00:25,494 - INFO - Distance to ahmed_morning: 0.5640529990196228
2025-01-09 17:00:25,494 - INFO - Distance to empty: 0.0036889314651489258
2025-01-09 17:00:25,811 - INFO - Distance to Mohammed: 0.5270366668701172
2025-01-09 17:00:25,811 - INFO - Distance to Ahmed: 0.7114497125148773
2025-01-09 17:00:25,812 - INFO - Distance to kamal: 0.33332574367523193
2025-01-09 17:00:25,812 - INFO - Distance to moamad4e: 0.33013051748275757
2025-01-09 17:00:25,812 - INFO - Distance to yousef: 0.4219929575920105
2025-01-09 17:00:25,812 - INFO - Distance to ahmed_morning: 0.555095911026001
2025-01-09 17:00:25,813 - INFO - Distance to empty: 0.004306137561798096
2025-01-09 17:00:26,078 - INFO - Distance to Mohammed: 0.5313614010810852
2025-01-09 17:00:26,078 - INFO - Distance to Ahmed: 0.7151656746864319
2025-01-09 17:00:26,078 - INFO - Distance to kamal: 0.32959407567977905
2025-01-09 17:00:26,078 - INFO - Distance to moamad4e: 0.3297600746154785
2025-01-09 17:00:26,078 - INFO - Distance to yousef: 0.41236740350723267
2025-01-09 17:00:26,078 - INFO - Distance to ahmed_morning: 0.5548581182956696
2025-01-09 17:00:26,079 - INFO - Distance to empty: 0.005214035511016846
2025-01-09 17:00:26,344 - INFO - Distance to Mohammed: 0.5263593196868896
2025-01-09 17:00:26,345 - INFO - Distance to Ahmed: 0.7171458303928375
2025-01-09 17:00:26,345 - INFO - Distance to kamal: 0.3215528726577759
2025-01-09 17:00:26,345 - INFO - Distance to moamad4e: 0.3202728033065796
2025-01-09 17:00:26,346 - INFO - Distance to yousef: 0.3994101881980896
2025-01-09 17:00:26,346 - INFO - Distance to ahmed_morning: 0.5605818033218384
2025-01-09 17:00:26,346 - INFO - Distance to empty: 0.003487110137939453
2025-01-09 17:00:26,502 - INFO - Distance to Mohammed: 0.5410813093185425
2025-01-09 17:00:26,502 - INFO - Distance to Ahmed: 0.7209284603595734
2025-01-09 17:00:26,502 - INFO - Distance to kamal: 0.325298547744751
2025-01-09 17:00:26,503 - INFO - Distance to moamad4e: 0.33356285095214844
2025-01-09 17:00:26,503 - INFO - Distance to yousef: 0.39738649129867554
2025-01-09 17:00:26,503 - INFO - Distance to ahmed_morning: 0.5694427192211151
2025-01-09 17:00:26,503 - INFO - Distance to empty: 0.0034641027450561523
2025-01-09 17:00:26,828 - INFO - Distance to Mohammed: 0.5303972959518433
2025-01-09 17:00:26,828 - INFO - Distance to Ahmed: 0.7212686538696289
2025-01-09 17:00:26,828 - INFO - Distance to kamal: 0.33523958921432495
2025-01-09 17:00:26,829 - INFO - Distance to moamad4e: 0.330202579498291
2025-01-09 17:00:26,829 - INFO - Distance to yousef: 0.4143546223640442
2025-01-09 17:00:26,829 - INFO - Distance to ahmed_morning: 0.5650507211685181
2025-01-09 17:00:26,829 - INFO - Distance to empty: 0.0031778812408447266
2025-01-09 17:00:27,027 - INFO - Distance to Mohammed: 0.5351595282554626
2025-01-09 17:00:27,027 - INFO - Distance to Ahmed: 0.7381371557712555
2025-01-09 17:00:27,027 - INFO - Distance to kamal: 0.3146747946739197
2025-01-09 17:00:27,027 - INFO - Distance to moamad4e: 0.31737643480300903
2025-01-09 17:00:27,028 - INFO - Distance to yousef: 0.3826209306716919
2025-01-09 17:00:27,028 - INFO - Distance to ahmed_morning: 0.5603025555610657
2025-01-09 17:00:27,028 - INFO - Distance to empty: 0.007656216621398926
2025-01-09 17:00:27,271 - INFO - Distance to Mohammed: 0.5305322706699371
2025-01-09 17:00:27,272 - INFO - Distance to Ahmed: 0.7477745711803436
2025-01-09 17:00:27,272 - INFO - Distance to kamal: 0.3281775712966919
2025-01-09 17:00:27,272 - INFO - Distance to moamad4e: 0.33206671476364136
2025-01-09 17:00:27,272 - INFO - Distance to yousef: 0.4077168107032776
2025-01-09 17:00:27,273 - INFO - Distance to ahmed_morning: 0.5672216415405273
2025-01-09 17:00:27,273 - INFO - Distance to empty: 0.007756590843200684
2025-01-09 17:00:27,469 - INFO - Distance to Mohammed: 0.5266284942626953
2025-01-09 17:00:27,469 - INFO - Distance to Ahmed: 0.7331640124320984
2025-01-09 17:00:27,469 - INFO - Distance to kamal: 0.32633352279663086
2025-01-09 17:00:27,470 - INFO - Distance to moamad4e: 0.31627535820007324
2025-01-09 17:00:27,470 - INFO - Distance to yousef: 0.4045693874359131
2025-01-09 17:00:27,470 - INFO - Distance to ahmed_morning: 0.5622973144054413
2025-01-09 17:00:27,470 - INFO - Distance to empty: 0.004440367221832275
2025-01-09 17:00:27,838 - INFO - Distance to Mohammed: 0.5270501375198364
2025-01-09 17:00:27,838 - INFO - Distance to Ahmed: 0.7170422673225403
2025-01-09 17:00:27,838 - INFO - Distance to kamal: 0.33085525035858154
2025-01-09 17:00:27,839 - INFO - Distance to moamad4e: 0.3271139860153198
2025-01-09 17:00:27,839 - INFO - Distance to yousef: 0.4153814911842346
2025-01-09 17:00:27,839 - INFO - Distance to ahmed_morning: 0.5567351579666138
2025-01-09 17:00:27,840 - INFO - Distance to empty: 0.0019878149032592773
2025-01-09 17:00:28,101 - INFO - Distance to Mohammed: 0.5215895473957062
2025-01-09 17:00:28,102 - INFO - Distance to Ahmed: 0.7162851095199585
2025-01-09 17:00:28,102 - INFO - Distance to kamal: 0.3185063600540161
2025-01-09 17:00:28,102 - INFO - Distance to moamad4e: 0.30606549978256226
2025-01-09 17:00:28,102 - INFO - Distance to yousef: 0.4053462743759155
2025-01-09 17:00:28,102 - INFO - Distance to ahmed_morning: 0.553905725479126
2025-01-09 17:00:28,102 - INFO - Distance to empty: 0.005579948425292969
2025-01-09 17:00:28,407 - INFO - Distance to Mohammed: 0.5339539349079132
2025-01-09 17:00:28,408 - INFO - Distance to Ahmed: 0.7274042665958405
2025-01-09 17:00:28,408 - INFO - Distance to kamal: 0.31990331411361694
2025-01-09 17:00:28,408 - INFO - Distance to moamad4e: 0.33012503385543823
2025-01-09 17:00:28,408 - INFO - Distance to yousef: 0.3989356756210327
2025-01-09 17:00:28,409 - INFO - Distance to ahmed_morning: 0.5513939559459686
2025-01-09 17:00:28,409 - INFO - Distance to empty: 0.005712985992431641
2025-01-09 17:00:28,607 - INFO - Distance to Mohammed: 0.5207208395004272
2025-01-09 17:00:28,607 - INFO - Distance to Ahmed: 0.7145346105098724
2025-01-09 17:00:28,607 - INFO - Distance to kamal: 0.3149406909942627
2025-01-09 17:00:28,607 - INFO - Distance to moamad4e: 0.3104127049446106
2025-01-09 17:00:28,607 - INFO - Distance to yousef: 0.4115729331970215
2025-01-09 17:00:28,608 - INFO - Distance to ahmed_morning: 0.5453749299049377
2025-01-09 17:00:28,608 - INFO - Distance to empty: 0.004774034023284912
2025-01-09 17:00:28,904 - INFO - Distance to Mohammed: 0.5286493301391602
2025-01-09 17:00:28,904 - INFO - Distance to Ahmed: 0.7245752811431885
2025-01-09 17:00:28,904 - INFO - Distance to kamal: 0.3313443064689636
2025-01-09 17:00:28,904 - INFO - Distance to moamad4e: 0.3323516249656677
2025-01-09 17:00:28,905 - INFO - Distance to yousef: 0.409959614276886
2025-01-09 17:00:28,905 - INFO - Distance to ahmed_morning: 0.5553290247917175
2025-01-09 17:00:28,905 - INFO - Distance to empty: 0.0035509467124938965
2025-01-09 17:00:36,121 - INFO - Distance to Mohammed: 0.5238777697086334
2025-01-09 17:00:36,121 - INFO - Distance to Ahmed: 0.7011410295963287
2025-01-09 17:00:36,122 - INFO - Distance to kamal: 0.3323368430137634
2025-01-09 17:00:36,122 - INFO - Distance to moamad4e: 0.3303118348121643
2025-01-09 17:00:36,122 - INFO - Distance to yousef: 0.43340086936950684
2025-01-09 17:00:36,122 - INFO - Distance to ahmed_morning: 0.5486585795879364
2025-01-09 17:00:36,122 - INFO - Distance to empty: 0.00548863410949707
2025-01-09 17:01:06,655 - INFO - Distance to Mohammed: 0.4551469087600708
2025-01-09 17:01:06,656 - INFO - Distance to Ahmed: 0.7545442879199982
2025-01-09 17:01:06,656 - INFO - Distance to kamal: 0.6312446594238281
2025-01-09 17:01:06,657 - INFO - Distance to moamad4e: 0.5330004096031189
2025-01-09 17:01:06,657 - INFO - Distance to yousef: 0.7993391007184982
2025-01-09 17:01:06,658 - INFO - Distance to ahmed_morning: 0.70759516954422
2025-01-09 17:01:06,659 - INFO - Distance to empty: 0.6298286318778992
2025-01-09 17:01:07,545 - INFO - Distance to Mohammed: 0.5803475379943848
2025-01-09 17:01:07,545 - INFO - Distance to Ahmed: 0.7806249856948853
2025-01-09 17:01:07,546 - INFO - Distance to kamal: 0.7229863405227661
2025-01-09 17:01:07,546 - INFO - Distance to moamad4e: 0.6927838623523712
2025-01-09 17:01:07,546 - INFO - Distance to yousef: 0.8605741858482361
2025-01-09 17:01:07,546 - INFO - Distance to ahmed_morning: 0.7840214669704437
2025-01-09 17:01:07,547 - INFO - Distance to empty: 0.7752117812633514
2025-01-09 17:01:08,130 - INFO - Distance to Mohammed: 0.6046511232852936
2025-01-09 17:01:08,130 - INFO - Distance to Ahmed: 0.7031655311584473
2025-01-09 17:01:08,131 - INFO - Distance to kamal: 0.6336370706558228
2025-01-09 17:01:08,131 - INFO - Distance to moamad4e: 0.7340909242630005
2025-01-09 17:01:08,131 - INFO - Distance to yousef: 0.7608742266893387
2025-01-09 17:01:08,131 - INFO - Distance to ahmed_morning: 0.6758028268814087
2025-01-09 17:01:08,131 - INFO - Distance to empty: 0.7457614839076996
2025-01-09 17:01:08,889 - INFO - Distance to Mohammed: 0.4506790041923523
2025-01-09 17:01:08,890 - INFO - Distance to Ahmed: 0.6613987982273102
2025-01-09 17:01:08,890 - INFO - Distance to kamal: 0.5150619447231293
2025-01-09 17:01:08,890 - INFO - Distance to moamad4e: 0.609207272529602
2025-01-09 17:01:08,890 - INFO - Distance to yousef: 0.7818859666585922
2025-01-09 17:01:08,891 - INFO - Distance to ahmed_morning: 0.5515127778053284
2025-01-09 17:01:08,891 - INFO - Distance to empty: 0.6153832972049713
2025-01-09 17:01:09,671 - INFO - Distance to Mohammed: 0.46525269746780396
2025-01-09 17:01:09,671 - INFO - Distance to Ahmed: 0.7406060695648193
2025-01-09 17:01:09,671 - INFO - Distance to kamal: 0.6087900400161743
2025-01-09 17:01:09,671 - INFO - Distance to moamad4e: 0.5103369653224945
2025-01-09 17:01:09,672 - INFO - Distance to yousef: 0.7448376715183258
2025-01-09 17:01:09,672 - INFO - Distance to ahmed_morning: 0.5996035933494568
2025-01-09 17:01:09,672 - INFO - Distance to empty: 0.58223557472229
2025-01-09 17:01:10,955 - INFO - Distance to Mohammed: 0.7256203591823578
2025-01-09 17:01:10,955 - INFO - Distance to Ahmed: 0.8105515688657761
2025-01-09 17:01:10,955 - INFO - Distance to kamal: 0.7560037672519684
2025-01-09 17:01:10,956 - INFO - Distance to moamad4e: 0.6662320792675018
2025-01-09 17:01:10,956 - INFO - Distance to yousef: 0.875255286693573
2025-01-09 17:01:10,956 - INFO - Distance to ahmed_morning: 0.7003093659877777
2025-01-09 17:01:10,956 - INFO - Distance to empty: 0.6688843071460724
2025-01-09 17:01:26,215 - INFO - Registered alexa with ID 20250109_170125
2025-01-09 17:01:41,095 - INFO - Distance to Mohammed: 0.6524633467197418
2025-01-09 17:01:41,097 - INFO - Distance to Ahmed: 0.7183648943901062
2025-01-09 17:01:41,098 - INFO - Distance to kamal: 0.7615680396556854
2025-01-09 17:01:41,099 - INFO - Distance to moamad4e: 0.6647975742816925
2025-01-09 17:01:41,099 - INFO - Distance to yousef: 0.8963925540447235
2025-01-09 17:01:41,102 - INFO - Distance to ahmed_morning: 0.5640508532524109
2025-01-09 17:01:41,103 - INFO - Distance to empty: 0.7295339405536652
2025-01-09 17:01:41,104 - INFO - Distance to alexa: 0.7090677320957184
2025-01-09 17:01:42,293 - INFO - Distance to Mohammed: 0.7019354999065399
2025-01-09 17:01:42,293 - INFO - Distance to Ahmed: 0.7566644996404648
2025-01-09 17:01:42,293 - INFO - Distance to kamal: 0.7785200476646423
2025-01-09 17:01:42,294 - INFO - Distance to moamad4e: 0.7015228867530823
2025-01-09 17:01:42,294 - INFO - Distance to yousef: 0.848836749792099
2025-01-09 17:01:42,294 - INFO - Distance to ahmed_morning: 0.6360967457294464
2025-01-09 17:01:42,294 - INFO - Distance to empty: 0.7354631423950195
2025-01-09 17:01:42,295 - INFO - Distance to alexa: 0.7763055115938187
2025-01-09 17:01:43,446 - INFO - Distance to Mohammed: 0.6998953819274902
2025-01-09 17:01:43,446 - INFO - Distance to Ahmed: 0.6392662525177002
2025-01-09 17:01:43,446 - INFO - Distance to kamal: 0.6231565177440643
2025-01-09 17:01:43,447 - INFO - Distance to moamad4e: 0.5568232834339142
2025-01-09 17:01:43,447 - INFO - Distance to yousef: 0.6489157378673553
2025-01-09 17:01:43,447 - INFO - Distance to ahmed_morning: 0.623379647731781
2025-01-09 17:01:43,447 - INFO - Distance to empty: 0.5961621701717377
2025-01-09 17:01:43,447 - INFO - Distance to alexa: 0.6602677404880524
2025-01-09 17:01:45,413 - INFO - Distance to Mohammed: 0.6835612058639526
2025-01-09 17:01:45,413 - INFO - Distance to Ahmed: 0.8431781828403473
2025-01-09 17:01:45,413 - INFO - Distance to kamal: 0.6462719142436981
2025-01-09 17:01:45,414 - INFO - Distance to moamad4e: 0.6088011264801025
2025-01-09 17:01:45,414 - INFO - Distance to yousef: 0.7652050703763962
2025-01-09 17:01:45,414 - INFO - Distance to ahmed_morning: 0.7345910668373108
2025-01-09 17:01:45,414 - INFO - Distance to empty: 0.7330580055713654
2025-01-09 17:01:45,414 - INFO - Distance to alexa: 0.8002064973115921
2025-01-09 17:01:45,909 - INFO - Distance to Mohammed: 0.639573484659195
2025-01-09 17:01:45,909 - INFO - Distance to Ahmed: 0.7986824214458466
2025-01-09 17:01:45,909 - INFO - Distance to kamal: 0.7351749539375305
2025-01-09 17:01:45,909 - INFO - Distance to moamad4e: 0.6757594048976898
2025-01-09 17:01:45,910 - INFO - Distance to yousef: 0.8133260160684586
2025-01-09 17:01:45,910 - INFO - Distance to ahmed_morning: 0.7642917335033417
2025-01-09 17:01:45,910 - INFO - Distance to empty: 0.7532747536897659
2025-01-09 17:01:45,910 - INFO - Distance to alexa: 0.7733911275863647
2025-01-09 17:01:46,480 - INFO - Distance to Mohammed: 0.6549344956874847
2025-01-09 17:01:46,480 - INFO - Distance to Ahmed: 0.6902066767215729
2025-01-09 17:01:46,481 - INFO - Distance to kamal: 0.7030092775821686
2025-01-09 17:01:46,481 - INFO - Distance to moamad4e: 0.610924482345581
2025-01-09 17:01:46,481 - INFO - Distance to yousef: 0.810879647731781
2025-01-09 17:01:46,481 - INFO - Distance to ahmed_morning: 0.6616200506687164
2025-01-09 17:01:46,481 - INFO - Distance to empty: 0.5780453085899353
2025-01-09 17:01:46,481 - INFO - Distance to alexa: 0.725348025560379
2025-01-09 17:01:46,905 - INFO - Distance to Mohammed: 0.6897383630275726
2025-01-09 17:01:46,905 - INFO - Distance to Ahmed: 0.7611961364746094
2025-01-09 17:01:46,905 - INFO - Distance to kamal: 0.6758363544940948
2025-01-09 17:01:46,906 - INFO - Distance to moamad4e: 0.6799036860466003
2025-01-09 17:01:46,906 - INFO - Distance to yousef: 0.8260077834129333
2025-01-09 17:01:46,906 - INFO - Distance to ahmed_morning: 0.6449387669563293
2025-01-09 17:01:46,906 - INFO - Distance to empty: 0.722504734992981
2025-01-09 17:01:46,907 - INFO - Distance to alexa: 0.760447159409523
2025-01-11 13:49:07,784 - ERROR - Frame capture error: OpenCV(4.10.0) /io/opencv/modules/imgproc/src/resize.cpp:4152: error: (-215:Assertion failed) !ssize.empty() in function 'resize'

2025-01-11 13:49:11,744 - INFO - Distance to Mohammed: 0.8982490077614784
2025-01-11 13:49:11,745 - INFO - Distance to Ahmed: 0.7438451945781708
2025-01-11 13:49:11,745 - INFO - Distance to kamal: 0.9128372520208359
2025-01-11 13:49:11,745 - INFO - Distance to moamad4e: 0.9796956665813923
2025-01-11 13:49:11,746 - INFO - Distance to yousef: 1.064407341182232
2025-01-11 13:49:11,746 - INFO - Distance to ahmed_morning: 0.6696543991565704
2025-01-11 13:49:11,746 - INFO - Distance to empty: 0.8990696743130684
2025-01-11 13:49:11,746 - INFO - Distance to alexa: 0.9791792668402195
2025-01-11 13:49:13,450 - INFO - Distance to Mohammed: 0.9378529749810696
2025-01-11 13:49:13,450 - INFO - Distance to Ahmed: 0.7775071859359741
2025-01-11 13:49:13,451 - INFO - Distance to kamal: 0.9346088469028473
2025-01-11 13:49:13,452 - INFO - Distance to moamad4e: 0.9897057497873902
2025-01-11 13:49:13,452 - INFO - Distance to yousef: 1.058566626161337
2025-01-11 13:49:13,453 - INFO - Distance to ahmed_morning: 0.6853366494178772
2025-01-11 13:49:13,453 - INFO - Distance to empty: 0.9297428876161575
2025-01-11 13:49:13,454 - INFO - Distance to alexa: 1.0623562224209309
2025-01-11 13:49:17,862 - INFO - Distance to Mohammed: 0.9555844627320766
2025-01-11 13:49:17,863 - INFO - Distance to Ahmed: 0.7636208981275558
2025-01-11 13:49:17,863 - INFO - Distance to kamal: 0.9266762882471085
2025-01-11 13:49:17,864 - INFO - Distance to moamad4e: 0.9872427927330136
2025-01-11 13:49:17,865 - INFO - Distance to yousef: 1.0654718801379204
2025-01-11 13:49:17,865 - INFO - Distance to ahmed_morning: 0.7089119553565979
2025-01-11 13:49:17,866 - INFO - Distance to empty: 0.9314016699790955
2025-01-11 13:49:17,867 - INFO - Distance to alexa: 1.003510391805321
2025-01-11 13:49:18,899 - INFO - Distance to Mohammed: 0.8794619664549828
2025-01-11 13:49:18,899 - INFO - Distance to Ahmed: 0.7880396693944931
2025-01-11 13:49:18,899 - INFO - Distance to kamal: 0.9184111654758453
2025-01-11 13:49:18,899 - INFO - Distance to moamad4e: 0.9456186145544052
2025-01-11 13:49:18,900 - INFO - Distance to yousef: 1.101096749305725
2025-01-11 13:49:18,900 - INFO - Distance to ahmed_morning: 0.64972984790802
2025-01-11 13:49:18,900 - INFO - Distance to empty: 0.9272793307900429
2025-01-11 13:49:18,900 - INFO - Distance to alexa: 1.1030579879879951
2025-01-11 13:49:20,782 - INFO - Distance to Mohammed: 0.8613642156124115
2025-01-11 13:49:20,782 - INFO - Distance to Ahmed: 0.7906090468168259
2025-01-11 13:49:20,783 - INFO - Distance to kamal: 0.859697699546814
2025-01-11 13:49:20,783 - INFO - Distance to moamad4e: 0.8611401319503784
2025-01-11 13:49:20,783 - INFO - Distance to yousef: 1.0096731251105666
2025-01-11 13:49:20,783 - INFO - Distance to ahmed_morning: 0.5843811631202698
2025-01-11 13:49:20,783 - INFO - Distance to empty: 0.8644683212041855
2025-01-11 13:49:20,783 - INFO - Distance to alexa: 0.9879355048760772
2025-01-11 13:49:21,962 - INFO - Distance to Mohammed: 0.7998501360416412
2025-01-11 13:49:21,963 - INFO - Distance to Ahmed: 0.7777407914400101
2025-01-11 13:49:21,963 - INFO - Distance to kamal: 0.7971941828727722
2025-01-11 13:49:21,963 - INFO - Distance to moamad4e: 0.8035066425800323
2025-01-11 13:49:21,963 - INFO - Distance to yousef: 0.9184649586677551
2025-01-11 13:49:21,964 - INFO - Distance to ahmed_morning: 0.5657238364219666
2025-01-11 13:49:21,964 - INFO - Distance to empty: 0.8094535917043686
2025-01-11 13:49:21,964 - INFO - Distance to alexa: 0.8947379738092422
2025-01-11 13:49:22,582 - INFO - Distance to Mohammed: 0.8475079238414764
2025-01-11 13:49:22,584 - INFO - Distance to Ahmed: 0.8169189244508743
2025-01-11 13:49:22,584 - INFO - Distance to kamal: 0.8212510496377945
2025-01-11 13:49:22,585 - INFO - Distance to moamad4e: 0.8414336293935776
2025-01-11 13:49:22,585 - INFO - Distance to yousef: 0.9209399521350861
2025-01-11 13:49:22,585 - INFO - Distance to ahmed_morning: 0.5509225130081177
2025-01-11 13:49:22,585 - INFO - Distance to empty: 0.8358414024114609
2025-01-11 13:49:22,585 - INFO - Distance to alexa: 0.900044783949852
2025-01-11 13:49:23,515 - INFO - Distance to Mohammed: 0.7603416293859482
2025-01-11 13:49:23,516 - INFO - Distance to Ahmed: 0.788178950548172
2025-01-11 13:49:23,516 - INFO - Distance to kamal: 0.8367574065923691
2025-01-11 13:49:23,516 - INFO - Distance to moamad4e: 0.7145209014415741
2025-01-11 13:49:23,516 - INFO - Distance to yousef: 0.9603039957582951
2025-01-11 13:49:23,516 - INFO - Distance to ahmed_morning: 0.46868711709976196
2025-01-11 13:49:23,517 - INFO - Distance to empty: 0.8312803953886032
2025-01-11 13:49:23,517 - INFO - Distance to alexa: 0.9671735279262066
2025-01-11 13:49:24,433 - INFO - Distance to Mohammed: 0.9091086536645889
2025-01-11 13:49:24,433 - INFO - Distance to Ahmed: 0.8747796565294266
2025-01-11 13:49:24,433 - INFO - Distance to kamal: 0.8419190794229507
2025-01-11 13:49:24,433 - INFO - Distance to moamad4e: 0.812657430768013
2025-01-11 13:49:24,433 - INFO - Distance to yousef: 0.9271818846464157
2025-01-11 13:49:24,434 - INFO - Distance to ahmed_morning: 0.5412575304508209
2025-01-11 13:49:24,434 - INFO - Distance to empty: 0.8209756016731262
2025-01-11 13:49:24,434 - INFO - Distance to alexa: 0.851218119263649
2025-01-11 13:49:25,051 - INFO - Distance to Mohammed: 0.7023728787899017
2025-01-11 13:49:25,051 - INFO - Distance to Ahmed: 0.8106263130903244
2025-01-11 13:49:25,051 - INFO - Distance to kamal: 0.7650013118982315
2025-01-11 13:49:25,052 - INFO - Distance to moamad4e: 0.6547883450984955
2025-01-11 13:49:25,052 - INFO - Distance to yousef: 0.9242923781275749
2025-01-11 13:49:25,052 - INFO - Distance to ahmed_morning: 0.4007576107978821
2025-01-11 13:49:25,052 - INFO - Distance to empty: 0.7389000654220581
2025-01-11 13:49:25,052 - INFO - Distance to alexa: 0.9103488996624947
2025-01-11 13:49:25,479 - INFO - Distance to Mohammed: 0.9855408659204841
2025-01-11 13:49:25,479 - INFO - Distance to Ahmed: 0.8873076289892197
2025-01-11 13:49:25,480 - INFO - Distance to kamal: 0.8448080569505692
2025-01-11 13:49:25,480 - INFO - Distance to moamad4e: 0.9339540973305702
2025-01-11 13:49:25,480 - INFO - Distance to yousef: 0.9944266998209059
2025-01-11 13:49:25,480 - INFO - Distance to ahmed_morning: 0.6205438673496246
2025-01-11 13:49:25,480 - INFO - Distance to empty: 0.8901808857917786
2025-01-11 13:49:25,480 - INFO - Distance to alexa: 0.8144190460443497
2025-01-11 13:49:25,723 - INFO - Distance to Mohammed: 0.7838725596666336
2025-01-11 13:49:25,723 - INFO - Distance to Ahmed: 0.8550721555948257
2025-01-11 13:49:25,723 - INFO - Distance to kamal: 0.7898125052452087
2025-01-11 13:49:25,723 - INFO - Distance to moamad4e: 0.7314475476741791
2025-01-11 13:49:25,724 - INFO - Distance to yousef: 0.9239924177527428
2025-01-11 13:49:25,724 - INFO - Distance to ahmed_morning: 0.4424120783805847
2025-01-11 13:49:25,724 - INFO - Distance to empty: 0.7611244171857834
2025-01-11 13:49:25,724 - INFO - Distance to alexa: 0.9095278680324554
2025-01-11 13:49:26,186 - INFO - Distance to Mohammed: 0.6071169972419739
2025-01-11 13:49:26,186 - INFO - Distance to Ahmed: 0.7201496958732605
2025-01-11 13:49:26,186 - INFO - Distance to kamal: 0.6604837775230408
2025-01-11 13:49:26,188 - INFO - Distance to moamad4e: 0.5650344491004944
2025-01-11 13:49:26,188 - INFO - Distance to yousef: 0.8174384832382202
2025-01-11 13:49:26,188 - INFO - Distance to ahmed_morning: 0.33891797065734863
2025-01-11 13:49:26,188 - INFO - Distance to empty: 0.6616588234901428
2025-01-11 13:49:26,189 - INFO - Distance to alexa: 0.8677306026220322
2025-01-11 13:49:26,629 - INFO - Distance to Mohammed: 0.7342284619808197
2025-01-11 13:49:26,629 - INFO - Distance to Ahmed: 0.7462123930454254
2025-01-11 13:49:26,629 - INFO - Distance to kamal: 0.7433668673038483
2025-01-11 13:49:26,629 - INFO - Distance to moamad4e: 0.6528117060661316
2025-01-11 13:49:26,630 - INFO - Distance to yousef: 0.8901762515306473
2025-01-11 13:49:26,630 - INFO - Distance to ahmed_morning: 0.354863703250885
2025-01-11 13:49:26,630 - INFO - Distance to empty: 0.7397520244121552
2025-01-11 13:49:26,630 - INFO - Distance to alexa: 0.9192907437682152
2025-01-11 14:01:51,953 - INFO - Distance to Mohammed: 0.5821810960769653
2025-01-11 14:01:51,954 - INFO - Distance to Ahmed: 0.7841787040233612
2025-01-11 14:01:51,954 - INFO - Distance to kamal: 0.5122922658920288
2025-01-11 14:01:51,954 - INFO - Distance to moamad4e: 0.48333466053009033
2025-01-11 14:01:51,954 - INFO - Distance to yousef: 0.6170049011707306
2025-01-11 14:01:51,954 - INFO - Distance to ahmed_morning: 0.5475021004676819
2025-01-11 14:01:51,954 - INFO - Distance to empty: 0.5280801653862
2025-01-11 14:01:51,955 - INFO - Distance to alexa: 0.7238220274448395
2025-01-11 14:01:58,596 - INFO - Distance to Mohammed: 0.5345248579978943
2025-01-11 14:01:58,597 - INFO - Distance to Ahmed: 0.8082006722688675
2025-01-11 14:01:58,597 - INFO - Distance to kamal: 0.574342280626297
2025-01-11 14:01:58,597 - INFO - Distance to moamad4e: 0.5178598463535309
2025-01-11 14:01:58,597 - INFO - Distance to yousef: 0.7053971886634827
2025-01-11 14:01:58,597 - INFO - Distance to ahmed_morning: 0.5814864039421082
2025-01-11 14:01:58,597 - INFO - Distance to empty: 0.5936917066574097
2025-01-11 14:01:58,597 - INFO - Distance to alexa: 0.837852731347084
2025-01-11 14:01:59,909 - INFO - Distance to Mohammed: 0.557870477437973
2025-01-11 14:01:59,910 - INFO - Distance to Ahmed: 0.818549320101738
2025-01-11 14:01:59,910 - INFO - Distance to kamal: 0.6238032281398773
2025-01-11 14:01:59,910 - INFO - Distance to moamad4e: 0.5441734492778778
2025-01-11 14:01:59,910 - INFO - Distance to yousef: 0.7210678458213806
2025-01-11 14:01:59,911 - INFO - Distance to ahmed_morning: 0.613960474729538
2025-01-11 14:01:59,911 - INFO - Distance to empty: 0.6306686997413635
2025-01-11 14:01:59,911 - INFO - Distance to alexa: 0.8527002781629562
2025-01-11 14:02:00,787 - INFO - Distance to Mohammed: 0.6405181884765625
2025-01-11 14:02:00,787 - INFO - Distance to Ahmed: 0.7889242172241211
2025-01-11 14:02:00,787 - INFO - Distance to kamal: 0.4774673581123352
2025-01-11 14:02:00,788 - INFO - Distance to moamad4e: 0.514034628868103
2025-01-11 14:02:00,788 - INFO - Distance to yousef: 0.62211474776268
2025-01-11 14:02:00,788 - INFO - Distance to ahmed_morning: 0.564584493637085
2025-01-11 14:02:00,788 - INFO - Distance to empty: 0.5028634369373322
2025-01-11 14:02:00,788 - INFO - Distance to alexa: 0.6350675523281097
2025-01-11 14:02:02,061 - INFO - Distance to Mohammed: 0.5395290553569794
2025-01-11 14:02:02,061 - INFO - Distance to Ahmed: 0.7470981776714325
2025-01-11 14:02:02,062 - INFO - Distance to kamal: 0.4313466548919678
2025-01-11 14:02:02,062 - INFO - Distance to moamad4e: 0.3940706253051758
2025-01-11 14:02:02,062 - INFO - Distance to yousef: 0.585623025894165
2025-01-11 14:02:02,062 - INFO - Distance to ahmed_morning: 0.5982421934604645
2025-01-11 14:02:02,063 - INFO - Distance to empty: 0.43457478284835815
2025-01-11 14:02:02,063 - INFO - Distance to alexa: 0.6416712999343872
2025-01-11 14:02:06,609 - INFO - Distance to Mohammed: 0.58364537358284
2025-01-11 14:02:06,609 - INFO - Distance to Ahmed: 0.8089843541383743
2025-01-11 14:02:06,610 - INFO - Distance to kamal: 0.44310539960861206
2025-01-11 14:02:06,610 - INFO - Distance to moamad4e: 0.4541822075843811
2025-01-11 14:02:06,610 - INFO - Distance to yousef: 0.5766884088516235
2025-01-11 14:02:06,610 - INFO - Distance to ahmed_morning: 0.5151714980602264
2025-01-11 14:02:06,610 - INFO - Distance to empty: 0.4597879648208618
2025-01-11 14:02:06,611 - INFO - Distance to alexa: 0.6187631487846375
2025-01-11 14:02:13,430 - INFO - Distance to Mohammed: 0.595647394657135
2025-01-11 14:02:13,431 - INFO - Distance to Ahmed: 0.79859958589077
2025-01-11 14:02:13,431 - INFO - Distance to kamal: 0.4887729287147522
2025-01-11 14:02:13,432 - INFO - Distance to moamad4e: 0.45747363567352295
2025-01-11 14:02:13,432 - INFO - Distance to yousef: 0.6872154772281647
2025-01-11 14:02:13,432 - INFO - Distance to ahmed_morning: 0.5811038017272949
2025-01-11 14:02:13,432 - INFO - Distance to empty: 0.5216738879680634
2025-01-11 14:02:13,433 - INFO - Distance to alexa: 0.7867729663848877
2025-01-11 14:02:16,372 - INFO - Distance to Mohammed: 0.6611922383308411
2025-01-11 14:02:16,372 - INFO - Distance to Ahmed: 0.8031247854232788
2025-01-11 14:02:16,372 - INFO - Distance to kamal: 0.5135132670402527
2025-01-11 14:02:16,373 - INFO - Distance to moamad4e: 0.47570228576660156
2025-01-11 14:02:16,373 - INFO - Distance to yousef: 0.545480877161026
2025-01-11 14:02:16,373 - INFO - Distance to ahmed_morning: 0.5515714585781097
2025-01-11 14:02:16,373 - INFO - Distance to empty: 0.5646385848522186
2025-01-11 14:02:16,373 - INFO - Distance to alexa: 0.735367476940155
2025-01-11 14:02:17,189 - INFO - Distance to Mohammed: 0.6501851975917816
2025-01-11 14:02:17,189 - INFO - Distance to Ahmed: 0.7895747721195221
2025-01-11 14:02:17,189 - INFO - Distance to kamal: 0.528549075126648
2025-01-11 14:02:17,189 - INFO - Distance to moamad4e: 0.45915496349334717
2025-01-11 14:02:17,189 - INFO - Distance to yousef: 0.54240283370018
2025-01-11 14:02:17,190 - INFO - Distance to ahmed_morning: 0.5342721939086914
2025-01-11 14:02:17,190 - INFO - Distance to empty: 0.5397960841655731
2025-01-11 14:02:17,190 - INFO - Distance to alexa: 0.6983138620853424
2025-01-11 14:02:17,866 - INFO - Distance to Mohammed: 0.6675953567028046
2025-01-11 14:02:17,866 - INFO - Distance to Ahmed: 0.8495668917894363
2025-01-11 14:02:17,866 - INFO - Distance to kamal: 0.5389076173305511
2025-01-11 14:02:17,867 - INFO - Distance to moamad4e: 0.47146207094192505
2025-01-11 14:02:17,867 - INFO - Distance to yousef: 0.5450398623943329
2025-01-11 14:02:17,867 - INFO - Distance to ahmed_morning: 0.5378060638904572
2025-01-11 14:02:17,867 - INFO - Distance to empty: 0.5059393048286438
2025-01-11 14:02:17,867 - INFO - Distance to alexa: 0.7042366564273834
2025-01-11 14:02:19,367 - INFO - Distance to Mohammed: 0.6431630253791809
2025-01-11 14:02:19,368 - INFO - Distance to Ahmed: 0.922344870865345
2025-01-11 14:02:19,368 - INFO - Distance to kamal: 0.4825150966644287
2025-01-11 14:02:19,368 - INFO - Distance to moamad4e: 0.47530972957611084
2025-01-11 14:02:19,369 - INFO - Distance to yousef: 0.5290237367153168
2025-01-11 14:02:19,369 - INFO - Distance to ahmed_morning: 0.6803047358989716
2025-01-11 14:02:19,369 - INFO - Distance to empty: 0.4592013359069824
2025-01-11 14:02:19,369 - INFO - Distance to alexa: 0.7948585003614426
2025-01-11 14:02:20,911 - INFO - Distance to Mohammed: 0.6406166255474091
2025-01-11 14:02:20,912 - INFO - Distance to Ahmed: 0.7525791972875595
2025-01-11 14:02:20,912 - INFO - Distance to kamal: 0.47525906562805176
2025-01-11 14:02:20,912 - INFO - Distance to moamad4e: 0.41729432344436646
2025-01-11 14:02:20,912 - INFO - Distance to yousef: 0.5137566030025482
2025-01-11 14:02:20,913 - INFO - Distance to ahmed_morning: 0.4934004545211792
2025-01-11 14:02:20,913 - INFO - Distance to empty: 0.523553729057312
2025-01-11 14:02:20,913 - INFO - Distance to alexa: 0.674056887626648
2025-01-11 14:02:21,357 - INFO - Distance to Mohammed: 0.7029461562633514
2025-01-11 14:02:21,357 - INFO - Distance to Ahmed: 0.824191078543663
2025-01-11 14:02:21,357 - INFO - Distance to kamal: 0.5734145045280457
2025-01-11 14:02:21,357 - INFO - Distance to moamad4e: 0.42513978481292725
2025-01-11 14:02:21,358 - INFO - Distance to yousef: 0.5916441380977631
2025-01-11 14:02:21,358 - INFO - Distance to ahmed_morning: 0.5705687999725342
2025-01-11 14:02:21,358 - INFO - Distance to empty: 0.4927173852920532
2025-01-11 14:02:21,358 - INFO - Distance to alexa: 0.7181070148944855
2025-01-11 14:02:21,926 - INFO - Distance to Mohammed: 0.6349829435348511
2025-01-11 14:02:21,927 - INFO - Distance to Ahmed: 0.8138105869293213
2025-01-11 14:02:21,927 - INFO - Distance to kamal: 0.4871581196784973
2025-01-11 14:02:21,927 - INFO - Distance to moamad4e: 0.4195218086242676
2025-01-11 14:02:21,928 - INFO - Distance to yousef: 0.544922262430191
2025-01-11 14:02:21,928 - INFO - Distance to ahmed_morning: 0.5481603145599365
2025-01-11 14:02:21,928 - INFO - Distance to empty: 0.4522551894187927
2025-01-11 14:02:21,928 - INFO - Distance to alexa: 0.7371676862239838
2025-01-11 14:02:22,343 - INFO - Distance to Mohammed: 0.6339074373245239
2025-01-11 14:02:22,343 - INFO - Distance to Ahmed: 0.7742599546909332
2025-01-11 14:02:22,343 - INFO - Distance to kamal: 0.5143371224403381
2025-01-11 14:02:22,343 - INFO - Distance to moamad4e: 0.41136765480041504
2025-01-11 14:02:22,343 - INFO - Distance to yousef: 0.589992493391037
2025-01-11 14:02:22,344 - INFO - Distance to ahmed_morning: 0.5245222449302673
2025-01-11 14:02:22,344 - INFO - Distance to empty: 0.5248608291149139
2025-01-11 14:02:22,344 - INFO - Distance to alexa: 0.7016598582267761
2025-01-11 14:02:22,649 - INFO - Distance to Mohammed: 0.6961295008659363
2025-01-11 14:02:22,650 - INFO - Distance to Ahmed: 0.805370882153511
2025-01-11 14:02:22,650 - INFO - Distance to kamal: 0.5501646399497986
2025-01-11 14:02:22,650 - INFO - Distance to moamad4e: 0.43705713748931885
2025-01-11 14:02:22,650 - INFO - Distance to yousef: 0.5694341361522675
2025-01-11 14:02:22,650 - INFO - Distance to ahmed_morning: 0.541288435459137
2025-01-11 14:02:22,651 - INFO - Distance to empty: 0.5291508138179779
2025-01-11 14:02:22,651 - INFO - Distance to alexa: 0.6598218679428101
2025-01-11 14:02:22,999 - INFO - Distance to Mohammed: 0.668016254901886
2025-01-11 14:02:22,999 - INFO - Distance to Ahmed: 0.8180211931467056
2025-01-11 14:02:22,999 - INFO - Distance to kamal: 0.5177569389343262
2025-01-11 14:02:23,000 - INFO - Distance to moamad4e: 0.4482618570327759
2025-01-11 14:02:23,000 - INFO - Distance to yousef: 0.5552904009819031
2025-01-11 14:02:23,000 - INFO - Distance to ahmed_morning: 0.5272275805473328
2025-01-11 14:02:23,000 - INFO - Distance to empty: 0.5422960221767426
2025-01-11 14:02:23,000 - INFO - Distance to alexa: 0.6884623467922211
2025-01-11 14:02:23,309 - INFO - Distance to Mohammed: 0.6769590377807617
2025-01-11 14:02:23,310 - INFO - Distance to Ahmed: 0.830359473824501
2025-01-11 14:02:23,310 - INFO - Distance to kamal: 0.5396744608879089
2025-01-11 14:02:23,310 - INFO - Distance to moamad4e: 0.47156208753585815
2025-01-11 14:02:23,310 - INFO - Distance to yousef: 0.5925613939762115
2025-01-11 14:02:23,310 - INFO - Distance to ahmed_morning: 0.5478807091712952
2025-01-11 14:02:23,310 - INFO - Distance to empty: 0.5565287172794342
2025-01-11 14:02:23,311 - INFO - Distance to alexa: 0.7456632554531097
2025-01-11 14:02:23,583 - INFO - Distance to Mohammed: 0.6529906392097473
2025-01-11 14:02:23,584 - INFO - Distance to Ahmed: 0.7822240889072418
2025-01-11 14:02:23,584 - INFO - Distance to kamal: 0.5201151669025421
2025-01-11 14:02:23,584 - INFO - Distance to moamad4e: 0.44205039739608765
2025-01-11 14:02:23,584 - INFO - Distance to yousef: 0.5852877795696259
2025-01-11 14:02:23,584 - INFO - Distance to ahmed_morning: 0.49626314640045166
2025-01-11 14:02:23,585 - INFO - Distance to empty: 0.5498117804527283
2025-01-11 14:02:23,585 - INFO - Distance to alexa: 0.7153685986995697
2025-01-11 14:02:23,864 - INFO - Distance to Mohammed: 0.6133248507976532
2025-01-11 14:02:23,864 - INFO - Distance to Ahmed: 0.8634991198778152
2025-01-11 14:02:23,864 - INFO - Distance to kamal: 0.5306230783462524
2025-01-11 14:02:23,865 - INFO - Distance to moamad4e: 0.4578505754470825
2025-01-11 14:02:23,865 - INFO - Distance to yousef: 0.6179412305355072
2025-01-11 14:02:23,865 - INFO - Distance to ahmed_morning: 0.5673865079879761
2025-01-11 14:02:23,865 - INFO - Distance to empty: 0.5871046781539917
2025-01-11 14:02:23,865 - INFO - Distance to alexa: 0.7315086722373962
2025-01-11 14:02:25,323 - INFO - Distance to Mohammed: 0.5865807831287384
2025-01-11 14:02:25,324 - INFO - Distance to Ahmed: 0.8721172958612442
2025-01-11 14:02:25,324 - INFO - Distance to kamal: 0.5217747986316681
2025-01-11 14:02:25,324 - INFO - Distance to moamad4e: 0.4250044822692871
2025-01-11 14:02:25,324 - INFO - Distance to yousef: 0.5237089693546295
2025-01-11 14:02:25,324 - INFO - Distance to ahmed_morning: 0.6532647907733917
2025-01-11 14:02:25,325 - INFO - Distance to empty: 0.43960028886795044
2025-01-11 14:02:25,325 - INFO - Distance to alexa: 0.6604109704494476
2025-01-11 14:02:43,160 - INFO - Distance to Mohammed: 0.6698329448699951
2025-01-11 14:02:43,160 - INFO - Distance to Ahmed: 0.792584240436554
2025-01-11 14:02:43,161 - INFO - Distance to kamal: 0.7982030212879181
2025-01-11 14:02:43,161 - INFO - Distance to moamad4e: 0.6972722411155701
2025-01-11 14:02:43,161 - INFO - Distance to yousef: 0.9202063754200935
2025-01-11 14:02:43,161 - INFO - Distance to ahmed_morning: 0.6079084873199463
2025-01-11 14:02:43,161 - INFO - Distance to empty: 0.8258757889270782
2025-01-11 14:02:43,161 - INFO - Distance to alexa: 0.9073534086346626
2025-01-11 14:02:44,174 - INFO - Distance to Mohammed: 0.6360560357570648
2025-01-11 14:02:44,174 - INFO - Distance to Ahmed: 0.7832135111093521
2025-01-11 14:02:44,175 - INFO - Distance to kamal: 0.7529266178607941
2025-01-11 14:02:44,175 - INFO - Distance to moamad4e: 0.6370295286178589
2025-01-11 14:02:44,175 - INFO - Distance to yousef: 0.8902460858225822
2025-01-11 14:02:44,176 - INFO - Distance to ahmed_morning: 0.5762455761432648
2025-01-11 14:02:44,176 - INFO - Distance to empty: 0.7808477580547333
2025-01-11 14:02:44,176 - INFO - Distance to alexa: 0.8729337155818939
2025-01-11 14:02:47,021 - INFO - Distance to Mohammed: 0.8049455881118774
2025-01-11 14:02:47,021 - INFO - Distance to Ahmed: 0.8642313033342361
2025-01-11 14:02:47,022 - INFO - Distance to kamal: 0.806798130273819
2025-01-11 14:02:47,022 - INFO - Distance to moamad4e: 0.7853549271821976
2025-01-11 14:02:47,022 - INFO - Distance to yousef: 0.9374707564711571
2025-01-11 14:02:47,022 - INFO - Distance to ahmed_morning: 0.6517263054847717
2025-01-11 14:02:47,023 - INFO - Distance to empty: 0.8305688053369522
2025-01-11 14:02:47,023 - INFO - Distance to alexa: 0.9987223622156307
2025-01-11 14:02:48,109 - INFO - Distance to Mohammed: 0.7777059674263
2025-01-11 14:02:48,110 - INFO - Distance to Ahmed: 0.843120738863945
2025-01-11 14:02:48,110 - INFO - Distance to kamal: 0.8088272958993912
2025-01-11 14:02:48,110 - INFO - Distance to moamad4e: 0.771274521946907
2025-01-11 14:02:48,111 - INFO - Distance to yousef: 0.9458919316530228
2025-01-11 14:02:48,111 - INFO - Distance to ahmed_morning: 0.6367149651050568
2025-01-11 14:02:48,111 - INFO - Distance to empty: 0.825917586684227
2025-01-11 14:02:48,111 - INFO - Distance to alexa: 0.9923575944267213
2025-01-11 14:02:48,821 - INFO - Distance to Mohammed: 0.8225966095924377
2025-01-11 14:02:48,821 - INFO - Distance to Ahmed: 0.8823376893997192
2025-01-11 14:02:48,821 - INFO - Distance to kamal: 0.8289028406143188
2025-01-11 14:02:48,822 - INFO - Distance to moamad4e: 0.8145841360092163
2025-01-11 14:02:48,822 - INFO - Distance to yousef: 0.9665002226829529
2025-01-11 14:02:48,822 - INFO - Distance to ahmed_morning: 0.663408100605011
2025-01-11 14:02:48,822 - INFO - Distance to empty: 0.8534421175718307
2025-01-11 14:02:48,822 - INFO - Distance to alexa: 1.0334183610975742
2025-01-11 14:02:49,247 - INFO - Distance to Mohammed: 0.8183136433362961
2025-01-11 14:02:49,248 - INFO - Distance to Ahmed: 0.8756745904684067
2025-01-11 14:02:49,248 - INFO - Distance to kamal: 0.8307175636291504
2025-01-11 14:02:49,249 - INFO - Distance to moamad4e: 0.8117099106311798
2025-01-11 14:02:49,249 - INFO - Distance to yousef: 0.965020727366209
2025-01-11 14:02:49,249 - INFO - Distance to ahmed_morning: 0.6518142223358154
2025-01-11 14:02:49,249 - INFO - Distance to empty: 0.8523569107055664
2025-01-11 14:02:49,250 - INFO - Distance to alexa: 0.9990786741836928
2025-01-11 14:02:49,618 - INFO - Distance to Mohammed: 0.7275009155273438
2025-01-11 14:02:49,618 - INFO - Distance to Ahmed: 0.7932495623826981
2025-01-11 14:02:49,619 - INFO - Distance to kamal: 0.7848883420228958
2025-01-11 14:02:49,619 - INFO - Distance to moamad4e: 0.720798134803772
2025-01-11 14:02:49,619 - INFO - Distance to yousef: 0.9003642424941063
2025-01-11 14:02:49,619 - INFO - Distance to ahmed_morning: 0.6546443104743958
2025-01-11 14:02:49,619 - INFO - Distance to empty: 0.8344925493001938
2025-01-11 14:02:49,619 - INFO - Distance to alexa: 0.9608605094254017
2025-01-11 14:02:49,912 - INFO - Distance to Mohammed: 0.7164563834667206
2025-01-11 14:02:49,912 - INFO - Distance to Ahmed: 0.8033819049596786
2025-01-11 14:02:49,912 - INFO - Distance to kamal: 0.7820721864700317
2025-01-11 14:02:49,912 - INFO - Distance to moamad4e: 0.7161819040775299
2025-01-11 14:02:49,913 - INFO - Distance to yousef: 0.9114569127559662
2025-01-11 14:02:49,913 - INFO - Distance to ahmed_morning: 0.6459817588329315
2025-01-11 14:02:49,913 - INFO - Distance to empty: 0.8345176428556442
2025-01-11 14:02:49,913 - INFO - Distance to alexa: 0.9647784866392612
2025-01-11 14:02:50,250 - INFO - Distance to Mohammed: 0.7400004863739014
2025-01-11 14:02:50,250 - INFO - Distance to Ahmed: 0.79234179854393
2025-01-11 14:02:50,250 - INFO - Distance to kamal: 0.7854184657335281
2025-01-11 14:02:50,250 - INFO - Distance to moamad4e: 0.7294604778289795
2025-01-11 14:02:50,251 - INFO - Distance to yousef: 0.9067977890372276
2025-01-11 14:02:50,251 - INFO - Distance to ahmed_morning: 0.6470271646976471
2025-01-11 14:02:50,251 - INFO - Distance to empty: 0.8472708314657211
2025-01-11 14:02:50,251 - INFO - Distance to alexa: 0.9915327448397875
2025-01-11 14:02:50,561 - INFO - Distance to Mohammed: 0.8142476230859756
2025-01-11 14:02:50,561 - INFO - Distance to Ahmed: 0.8200086206197739
2025-01-11 14:02:50,561 - INFO - Distance to kamal: 0.8277371972799301
2025-01-11 14:02:50,562 - INFO - Distance to moamad4e: 0.8170389235019684
2025-01-11 14:02:50,562 - INFO - Distance to yousef: 0.913609154522419
2025-01-11 14:02:50,562 - INFO - Distance to ahmed_morning: 0.745149552822113
2025-01-11 14:02:50,562 - INFO - Distance to empty: 0.8779622316360474
2025-01-11 14:02:50,562 - INFO - Distance to alexa: 1.0107223270460963
2025-01-11 14:02:50,925 - INFO - Distance to Mohammed: 0.7832041531801224
2025-01-11 14:02:50,926 - INFO - Distance to Ahmed: 0.7803722620010376
2025-01-11 14:02:50,926 - INFO - Distance to kamal: 0.8482588976621628
2025-01-11 14:02:50,926 - INFO - Distance to moamad4e: 0.7978888750076294
2025-01-11 14:02:50,926 - INFO - Distance to yousef: 0.9368811473250389
2025-01-11 14:02:50,926 - INFO - Distance to ahmed_morning: 0.6904682815074921
2025-01-11 14:02:50,926 - INFO - Distance to empty: 0.8575569987297058
2025-01-11 14:02:50,926 - INFO - Distance to alexa: 1.0143007701262832
